\BOOKMARK [1][-]{section*.1}{توضیحات کلی}{}% 1
\BOOKMARK [1][-]{section*.2}{باید‌های پیاده‌سازی}{}% 2
\BOOKMARK [2][-]{section*.3}{صفحهٔ اصلی}{section*.2}% 3
\BOOKMARK [2][-]{section*.4}{ناحیه کاربری}{section*.2}% 4
\BOOKMARK [3][-]{section*.5}{پنل ثبت‌نام و ورود}{section*.4}% 5
\BOOKMARK [3][-]{section*.6}{حساب کاربری}{section*.4}% 6
\BOOKMARK [2][-]{section*.7}{محصولات}{section*.2}% 7
\BOOKMARK [3][-]{section*.8}{صفحهٔ محصولات}{section*.7}% 8
\BOOKMARK [3][-]{section*.9}{کالا}{section*.7}% 9
\BOOKMARK [1][-]{section*.10}{توضیح بخش‌های مختلف پروژه}{}% 10
\BOOKMARK [2][-]{section*.11}{بخش‌ها}{section*.10}% 11
\BOOKMARK [3][-]{section*.12}{موجودیت‌ها}{section*.11}% 12
\BOOKMARK [3][-]{section*.13}{نمای کلی رابط کاربری}{section*.11}% 13
\BOOKMARK [2][-]{section*.14}{نقش‌ها}{section*.10}% 14
\BOOKMARK [2][-]{section*.15}{فرآیندها}{section*.10}% 15
\BOOKMARK [1][-]{section*.16}{دستورات مورد نیاز}{}% 16
\BOOKMARK [2][-]{section*.17}{نکات مهم:}{section*.16}% 17
\BOOKMARK [2][-]{section*.18}{صفحه لاگین/رجیستر:}{section*.16}% 18
\BOOKMARK [2][-]{section*.19}{صفحه اصلی > ناحیه کاربری }{section*.16}% 19
\BOOKMARK [3][-]{section*.20}{«حساب مدیر»}{section*.19}% 20
\BOOKMARK [3][-]{section*.21}{«حساب فروشنده»}{section*.19}% 21
\BOOKMARK [3][-]{section*.22}{«حساب خریدار»}{section*.19}% 22
\BOOKMARK [2][-]{section*.23}{صفحهٔ محصولات}{section*.16}% 23
\BOOKMARK [2][-]{section*.24}{صفحهٔ محصول}{section*.16}% 24
\BOOKMARK [2][-]{section*.25}{صفحهٔ حراج‌ها}{section*.16}% 25
