\BOOKMARK [1][-]{section*.1}{نکات قابل توجه}{}% 1
\BOOKMARK [1][-]{section*.2}{مقدمه}{}% 2
\BOOKMARK [2][-]{section*.3}{اهداف قابل توجه}{section*.2}% 3
\BOOKMARK [2][-]{section*.4}{کلیات پروژه}{section*.2}% 4
\BOOKMARK [1][-]{section*.5}{توضیح بخش‌های مختلف پروژه}{}% 5
\BOOKMARK [2][-]{section*.6}{بخش‌ها}{section*.5}% 6
\BOOKMARK [3][-]{section*.7}{موجودیت‌ها}{section*.6}% 7
\BOOKMARK [3][-]{section*.8}{نمای کلی رابط کاربری}{section*.6}% 8
\BOOKMARK [2][-]{section*.9}{نقش‌ها}{section*.5}% 9
\BOOKMARK [2][-]{section*.10}{فرآیندها}{section*.5}% 10
\BOOKMARK [1][-]{section*.11}{دستورات مورد نیاز}{}% 11
\BOOKMARK [2][-]{section*.12}{نکات مهم:}{section*.11}% 12
\BOOKMARK [2][-]{section*.13}{صفحه لاگین/رجیستر:}{section*.11}% 13
\BOOKMARK [2][-]{section*.14}{صفحه اصلی > ناحیه کاربری }{section*.11}% 14
\BOOKMARK [3][-]{section*.15}{«حساب مدیر»}{section*.14}% 15
\BOOKMARK [3][-]{section*.16}{«حساب فروشنده»}{section*.14}% 16
\BOOKMARK [3][-]{section*.17}{«حساب خریدار»}{section*.14}% 17
\BOOKMARK [2][-]{section*.18}{«صفحهٔ محصولات»}{section*.11}% 18
\BOOKMARK [2][-]{section*.19}{«صفحهٔ محصول»}{section*.11}% 19
\BOOKMARK [2][-]{section*.20}{«صفحهٔ حراج‌ها»}{section*.11}% 20
